       -0.256206         1.44658        0.130975
        -1.84096       -0.567671       -0.235611
        -1.49133         1.77845       -0.390953
        -1.50429        0.612561         0.35576
         1.33103         1.24725         -1.3715
        0.787234        0.138341       -0.595162
        0.994526       -0.331103        -0.64563
        0.286147       -0.155655       -0.952512
        0.457049       -0.606867        0.954021
         1.06418       -0.869353        -1.65883
        -1.05894         1.31245         2.04018
       -0.160253       -0.456429         -0.5056
        0.453656        -1.02383       -0.174664
        0.316236       -0.526533         1.55897
        0.893078         1.67573        0.116984
       -0.588291        0.166429        0.396015
        0.113609        0.539609        0.885122
       -0.127606         -1.7813        -2.02914
         1.33709       -0.976945        0.481448
        -1.75259        0.324092      -0.0195062
        -1.09126       -0.178207        0.772127
       -0.592251       -0.595728       -0.282583
        -0.73977          0.6429       -0.977509
        -1.04519        -1.39458        0.122752
       -0.306285        0.441349        -1.20516
        0.520281        0.848004       0.0814585
       -0.519133        -0.16035       0.0428945
       0.0334451        -0.38218          0.2453
        0.672093       -0.735513        0.979579
        -1.37715       0.0389412       -0.722286
          1.2081       -0.503396       -0.591782
        0.834631       -0.503107         1.04422
       -0.452252      -0.0373954       -0.260095
        0.413428         1.67506       -0.617919
       -0.498237       -0.220865        0.307858
        0.721934        -1.13919         1.21095
        0.716433         1.78609       -0.476495
       -0.669363        -1.31982        -1.79728
         1.05074       -0.607383       -0.111732
        -0.16117        -1.47157        0.537691
      -0.0653716       -0.829673        0.594098
        0.432945        -1.83624         1.28569
         1.93679         0.85176        0.254531
         1.32298       -0.952397        0.510598
        -1.37293       0.0173631        0.666357
       -0.616655        0.900037         0.40411
        0.863771     -0.00918349        0.859254
        0.823339        0.117826        0.131448
         1.01797       -0.360478       -0.571455
       0.0302584       -0.475298        0.663815
        -1.12175        -1.03622        0.557201
        0.810539        0.115057         1.41094
       -0.606891        0.396848        0.664475
       0.0402534        -1.19117        -1.07229
        0.376505        0.793874       -0.809059
        0.877336       -0.147356         1.00802
        0.935129          1.6382        0.369522
        0.397357       -0.117203         1.70086
       -0.879139       -0.350709         0.53062
        0.786119      0.00609724         1.64018
       0.0435484         0.52394       -0.673585
        0.827936       -0.804698        0.282822
        0.439114        0.554427       -0.988042
       -0.961369         1.20663       -0.204308
       -0.491419       -0.789989         1.29195
        -0.56341         1.11601       -0.499339
        0.633404       -0.798168       -0.108969
        0.200462         1.15374       -0.630848
        0.636507        0.775221         1.63024
        -1.72519        0.586203       -0.125259
       -0.360445         0.24312         1.32823
        -1.02436       -0.792352         1.14507
        0.546643         1.24626        -1.30375
        0.241412        -1.83055        0.092229
       0.0176883        0.330302        -1.11334
       -0.309289        0.142942        0.211556
        -1.42657         1.05491        0.307096
        -1.53649       -0.689979        0.160783
        0.690163       -0.191177       -0.411766
     -0.00261396        0.507027        0.121517
        -1.39614        0.384271         1.23481
       -0.903238         1.61932        0.333977
       -0.715208        -1.08641        0.646755
       -0.467563        0.265199       -0.939997
       -0.524761        -0.45615       -0.437103
        -0.25895       -0.836043       -0.132516
       -0.623154       -0.771556        0.325902
        0.963319        0.964548        0.722249
       -0.486285         1.01975       -0.277133
        0.722401        0.800363        0.866661
        -1.55539       -0.738542        0.397847
       -0.636579        0.481809       -0.640631
        0.804916       -0.820428       0.0576318
       -0.292748        0.946642       -0.794169
         2.01334        0.949776       -0.965463
       -0.617842        -1.27194       -0.804302
       -0.796558         1.51493       -0.423593
        0.376119         -1.1904      -0.0865748
        0.484819        0.362773       -0.916083
         1.22514       0.0889954        -1.80803
      -0.0914187       -0.888299        0.780064
        0.413449         1.98373        0.593434
        0.291509       0.0802094        -1.60062
         1.77851       0.0928794       -0.631989
        -1.04723    -0.000686985        -1.36868
        0.355525        -1.08911       -0.840902
       0.0989349        -1.05346        -0.20578
         1.04843       -0.555995        -1.03933
